WARNING:EDK:878 - Could not find IP doc
   http://www.xilinx.com/cgi-bin/docs/ipdoc?c=axi_timer;v=v1_03_a;d=axi_timer_ds
   764.pdf
WARNING:EDK:878 - Could not find IP doc
   http://www.xilinx.com/cgi-bin/docs/ipdoc?c=axi_interconnect;v=v1_06_a;d=ds768
   _axi_interconnect.pdf
WARNING:EDK:878 - Could not find IP doc
   http://www.xilinx.com/cgi-bin/docs/ipdoc?c=axi_gpio;v=v1_01_b;d=ds744_axi_gpi
   o.pdf
WARNING:EDK:878 - Could not find IP doc
   http://www.xilinx.com/cgi-bin/docs/ipdoc?c=axi_gpio;v=v1_01_b;d=ds744_axi_gpi
   o.pdf
WARNING:EDK:878 - Could not find IP doc
   http://www.xilinx.com/cgi-bin/docs/ipdoc?c=axi_interconnect;v=v1_06_a;d=ds768
   _axi_interconnect.pdf
Generated Block Diagram.
Rasterizing axi_timer_0.jpg.....
Rasterizing axi4lite_0.jpg.....
Rasterizing SWs_8Bits.jpg.....
Rasterizing BTNs_5Bits.jpg.....
Rasterizing processing_system7_0.jpg.....
Rasterizing partial_led_test_0.jpg.....
Rasterizing zycap_0.jpg.....
Rasterizing axi_interconnect_1.jpg.....
Rasterizing system_blkd.jpg.....
Report generated.
Report generation completed.
